This is pdfTeX, Version 3.14159265-2.6-1.40.16 (TeX Live 2015/Arch Linux) (preloaded format=pdflatex 2016.1.19)  3 AUG 2016 16:38
entering extended mode
 restricted \write18 enabled.
 %&-line parsing enabled.
**main.tex
(./main.tex
LaTeX2e <2015/10/01> patch level 2
Babel <3.9m> and hyphenation patterns for 79 languages loaded.
(/usr/share/texmf-dist/tex/latex/base/article.cls
Document Class: article 2014/09/29 v1.4h Standard LaTeX document class
(/usr/share/texmf-dist/tex/latex/base/size12.clo
File: size12.clo 2014/09/29 v1.4h Standard LaTeX file (size option)
)
\c@part=\count79
\c@section=\count80
\c@subsection=\count81
\c@subsubsection=\count82
\c@paragraph=\count83
\c@subparagraph=\count84
\c@figure=\count85
\c@table=\count86
\abovecaptionskip=\skip41
\belowcaptionskip=\skip42
\bibindent=\dimen102
)
(/usr/share/texmf-dist/tex/latex/titling/titling.sty
Package: titling 2009/09/04 v2.1d maketitle typesetting
\thanksmarkwidth=\skip43
\thanksmargin=\skip44
\droptitle=\skip45
)
(/usr/share/texmf-dist/tex/latex/geometry/geometry.sty
Package: geometry 2010/09/12 v5.6 Page Geometry

(/usr/share/texmf-dist/tex/latex/graphics/keyval.sty
Package: keyval 2014/10/28 v1.15 key=value parser (DPC)
\KV@toks@=\toks14
)
(/usr/share/texmf-dist/tex/generic/oberdiek/ifpdf.sty
Package: ifpdf 2011/01/30 v2.3 Provides the ifpdf switch (HO)
Package ifpdf Info: pdfTeX in PDF mode is detected.
)
(/usr/share/texmf-dist/tex/generic/oberdiek/ifvtex.sty
Package: ifvtex 2010/03/01 v1.5 Detect VTeX and its facilities (HO)
Package ifvtex Info: VTeX not detected.
)
(/usr/share/texmf-dist/tex/generic/ifxetex/ifxetex.sty
Package: ifxetex 2010/09/12 v0.6 Provides ifxetex conditional
)
\Gm@cnth=\count87
\Gm@cntv=\count88
\c@Gm@tempcnt=\count89
\Gm@bindingoffset=\dimen103
\Gm@wd@mp=\dimen104
\Gm@odd@mp=\dimen105
\Gm@even@mp=\dimen106
\Gm@layoutwidth=\dimen107
\Gm@layoutheight=\dimen108
\Gm@layouthoffset=\dimen109
\Gm@layoutvoffset=\dimen110
\Gm@dimlist=\toks15
)
(/usr/share/texmf-dist/tex/latex/libertine/libertine.sty
Package: libertine 2014/11/25 (Bob Tennent) Supports Libertine and Biolinum fon
ts for all LaTeX engines.

(/usr/share/texmf-dist/tex/generic/oberdiek/ifluatex.sty
Package: ifluatex 2010/03/01 v1.3 Provides the ifluatex switch (HO)
Package ifluatex Info: LuaTeX not detected.
)
(/usr/share/texmf-dist/tex/latex/xkeyval/xkeyval.sty
Package: xkeyval 2014/12/03 v2.7a package option processing (HA)

(/usr/share/texmf-dist/tex/generic/xkeyval/xkeyval.tex
(/usr/share/texmf-dist/tex/generic/xkeyval/xkvutils.tex
\XKV@toks=\toks16
\XKV@tempa@toks=\toks17
)
\XKV@depth=\count90
File: xkeyval.tex 2014/12/03 v2.7a key=value parser (HA)
))
(/usr/share/texmf-dist/tex/latex/base/textcomp.sty
Package: textcomp 2005/09/27 v1.99g Standard LaTeX package
Package textcomp Info: Sub-encoding information:
(textcomp)               5 = only ISO-Adobe without \textcurrency
(textcomp)               4 = 5 + \texteuro
(textcomp)               3 = 4 + \textohm
(textcomp)               2 = 3 + \textestimated + \textcurrency
(textcomp)               1 = TS1 - \textcircled - \t
(textcomp)               0 = TS1 (full)
(textcomp)             Font families with sub-encoding setting implement
(textcomp)             only a restricted character set as indicated.
(textcomp)             Family '?' is the default used for unknown fonts.
(textcomp)             See the documentation for details.
Package textcomp Info: Setting ? sub-encoding to TS1/1 on input line 79.

(/usr/share/texmf-dist/tex/latex/base/ts1enc.def
File: ts1enc.def 2001/06/05 v3.0e (jk/car/fm) Standard LaTeX file
)
LaTeX Info: Redefining \oldstylenums on input line 334.
Package textcomp Info: Setting cmr sub-encoding to TS1/0 on input line 349.
Package textcomp Info: Setting cmss sub-encoding to TS1/0 on input line 350.
Package textcomp Info: Setting cmtt sub-encoding to TS1/0 on input line 351.
Package textcomp Info: Setting cmvtt sub-encoding to TS1/0 on input line 352.
Package textcomp Info: Setting cmbr sub-encoding to TS1/0 on input line 353.
Package textcomp Info: Setting cmtl sub-encoding to TS1/0 on input line 354.
Package textcomp Info: Setting ccr sub-encoding to TS1/0 on input line 355.
Package textcomp Info: Setting ptm sub-encoding to TS1/4 on input line 356.
Package textcomp Info: Setting pcr sub-encoding to TS1/4 on input line 357.
Package textcomp Info: Setting phv sub-encoding to TS1/4 on input line 358.
Package textcomp Info: Setting ppl sub-encoding to TS1/3 on input line 359.
Package textcomp Info: Setting pag sub-encoding to TS1/4 on input line 360.
Package textcomp Info: Setting pbk sub-encoding to TS1/4 on input line 361.
Package textcomp Info: Setting pnc sub-encoding to TS1/4 on input line 362.
Package textcomp Info: Setting pzc sub-encoding to TS1/4 on input line 363.
Package textcomp Info: Setting bch sub-encoding to TS1/4 on input line 364.
Package textcomp Info: Setting put sub-encoding to TS1/5 on input line 365.
Package textcomp Info: Setting uag sub-encoding to TS1/5 on input line 366.
Package textcomp Info: Setting ugq sub-encoding to TS1/5 on input line 367.
Package textcomp Info: Setting ul8 sub-encoding to TS1/4 on input line 368.
Package textcomp Info: Setting ul9 sub-encoding to TS1/4 on input line 369.
Package textcomp Info: Setting augie sub-encoding to TS1/5 on input line 370.
Package textcomp Info: Setting dayrom sub-encoding to TS1/3 on input line 371.
Package textcomp Info: Setting dayroms sub-encoding to TS1/3 on input line 372.

Package textcomp Info: Setting pxr sub-encoding to TS1/0 on input line 373.
Package textcomp Info: Setting pxss sub-encoding to TS1/0 on input line 374.
Package textcomp Info: Setting pxtt sub-encoding to TS1/0 on input line 375.
Package textcomp Info: Setting txr sub-encoding to TS1/0 on input line 376.
Package textcomp Info: Setting txss sub-encoding to TS1/0 on input line 377.
Package textcomp Info: Setting txtt sub-encoding to TS1/0 on input line 378.
Package textcomp Info: Setting lmr sub-encoding to TS1/0 on input line 379.
Package textcomp Info: Setting lmdh sub-encoding to TS1/0 on input line 380.
Package textcomp Info: Setting lmss sub-encoding to TS1/0 on input line 381.
Package textcomp Info: Setting lmssq sub-encoding to TS1/0 on input line 382.
Package textcomp Info: Setting lmvtt sub-encoding to TS1/0 on input line 383.
Package textcomp Info: Setting lmtt sub-encoding to TS1/0 on input line 384.
Package textcomp Info: Setting qhv sub-encoding to TS1/0 on input line 385.
Package textcomp Info: Setting qag sub-encoding to TS1/0 on input line 386.
Package textcomp Info: Setting qbk sub-encoding to TS1/0 on input line 387.
Package textcomp Info: Setting qcr sub-encoding to TS1/0 on input line 388.
Package textcomp Info: Setting qcs sub-encoding to TS1/0 on input line 389.
Package textcomp Info: Setting qpl sub-encoding to TS1/0 on input line 390.
Package textcomp Info: Setting qtm sub-encoding to TS1/0 on input line 391.
Package textcomp Info: Setting qzc sub-encoding to TS1/0 on input line 392.
Package textcomp Info: Setting qhvc sub-encoding to TS1/0 on input line 393.
Package textcomp Info: Setting futs sub-encoding to TS1/4 on input line 394.
Package textcomp Info: Setting futx sub-encoding to TS1/4 on input line 395.
Package textcomp Info: Setting futj sub-encoding to TS1/4 on input line 396.
Package textcomp Info: Setting hlh sub-encoding to TS1/3 on input line 397.
Package textcomp Info: Setting hls sub-encoding to TS1/3 on input line 398.
Package textcomp Info: Setting hlst sub-encoding to TS1/3 on input line 399.
Package textcomp Info: Setting hlct sub-encoding to TS1/5 on input line 400.
Package textcomp Info: Setting hlx sub-encoding to TS1/5 on input line 401.
Package textcomp Info: Setting hlce sub-encoding to TS1/5 on input line 402.
Package textcomp Info: Setting hlcn sub-encoding to TS1/5 on input line 403.
Package textcomp Info: Setting hlcw sub-encoding to TS1/5 on input line 404.
Package textcomp Info: Setting hlcf sub-encoding to TS1/5 on input line 405.
Package textcomp Info: Setting pplx sub-encoding to TS1/3 on input line 406.
Package textcomp Info: Setting pplj sub-encoding to TS1/3 on input line 407.
Package textcomp Info: Setting ptmx sub-encoding to TS1/4 on input line 408.
Package textcomp Info: Setting ptmj sub-encoding to TS1/4 on input line 409.
)
(/usr/share/texmf-dist/tex/latex/mweights/mweights.sty
Package: mweights 2013/07/21 (Bob Tennent) Support package for multiple-weight 
font packages. 
LaTeX Info: Redefining \bfseries on input line 22.
LaTeX Info: Redefining \mdseries on input line 29.
LaTeX Info: Redefining \rmfamily on input line 36.
LaTeX Info: Redefining \sffamily on input line 53.
LaTeX Info: Redefining \ttfamily on input line 70.
)
(/usr/share/texmf-dist/tex/latex/base/fontenc.sty
Package: fontenc 2005/09/27 v1.99g Standard LaTeX package
)
(/usr/share/texmf-dist/tex/latex/fontaxes/fontaxes.sty
Package: fontaxes 2014/03/23 v1.0d Font selection axes
LaTeX Info: Redefining \upshape on input line 29.
LaTeX Info: Redefining \itshape on input line 31.
LaTeX Info: Redefining \slshape on input line 33.
LaTeX Info: Redefining \scshape on input line 37.
)
LaTeX Info: Redefining \oldstylenums on input line 478.

(/usr/share/texmf-dist/tex/latex/libertine/LinLibertine_I.tex))
(/usr/share/texmf-dist/tex/latex/csquotes/csquotes.sty
Package: csquotes 2015/07/18 v5.1f context-sensitive quotations (JAW)

(/usr/share/texmf-dist/tex/latex/etoolbox/etoolbox.sty
Package: etoolbox 2015/08/02 v2.2a e-TeX tools for LaTeX (JAW)
\etb@tempcnta=\count91
)
\csq@reset=\count92
\csq@gtype=\count93
\csq@glevel=\count94
\csq@qlevel=\count95
\csq@maxlvl=\count96
\csq@tshold=\count97
\csq@ltx@everypar=\toks18

(/usr/share/texmf-dist/tex/latex/csquotes/csquotes.def
File: csquotes.def 2015/07/18 v5.1f csquotes generic definitions (JAW)
)
Package csquotes Info: Trying to load configuration file 'csquotes.cfg'...
Package csquotes Info: ... configuration file loaded successfully.

(/usr/share/texmf-dist/tex/latex/csquotes/csquotes.cfg
File: csquotes.cfg 
))
(/usr/share/texmf-dist/tex/latex/titlesec/titlesec.sty
Package: titlesec 2011/12/15 v2.10.0 Sectioning titles
\ttl@box=\box26
\beforetitleunit=\skip46
\aftertitleunit=\skip47
\ttl@plus=\dimen111
\ttl@minus=\dimen112
\ttl@toksa=\toks19
\titlewidth=\dimen113
\titlewidthlast=\dimen114
\titlewidthfirst=\dimen115
)
(/usr/share/texmf-dist/tex/latex/enumitem/enumitem.sty
Package: enumitem 2011/09/28 v3.5.2 Customized lists
\labelindent=\skip48
\enit@outerparindent=\dimen116
\enit@toks=\toks20
\enit@inbox=\box27
\enitdp@description=\count98
)
(/usr/share/texmf-dist/tex/latex/fancyhdr/fancyhdr.sty
\fancy@headwidth=\skip49
\f@ncyO@elh=\skip50
\f@ncyO@erh=\skip51
\f@ncyO@olh=\skip52
\f@ncyO@orh=\skip53
\f@ncyO@elf=\skip54
\f@ncyO@erf=\skip55
\f@ncyO@olf=\skip56
\f@ncyO@orf=\skip57
)
(/usr/share/texmf-dist/tex/latex/lastpage/lastpage.sty
Package: lastpage 2015/03/29 v1.2m Refers to last page's name (HMM; JPG)
)

Package Fancyhdr Warning: \fancyfoot's `E' option without twoside option is use
less on input line 64.

(/usr/share/texmf-dist/tex/latex/amsmath/amsmath.sty
Package: amsmath 2013/01/14 v2.14 AMS math features
\@mathmargin=\skip58

For additional information on amsmath, use the `?' option.
(/usr/share/texmf-dist/tex/latex/amsmath/amstext.sty
Package: amstext 2000/06/29 v2.01

(/usr/share/texmf-dist/tex/latex/amsmath/amsgen.sty
File: amsgen.sty 1999/11/30 v2.0
\@emptytoks=\toks21
\ex@=\dimen117
))
(/usr/share/texmf-dist/tex/latex/amsmath/amsbsy.sty
Package: amsbsy 1999/11/29 v1.2d
\pmbraise@=\dimen118
)
(/usr/share/texmf-dist/tex/latex/amsmath/amsopn.sty
Package: amsopn 1999/12/14 v2.01 operator names
)
\inf@bad=\count99
LaTeX Info: Redefining \frac on input line 210.
\uproot@=\count100
\leftroot@=\count101
LaTeX Info: Redefining \overline on input line 306.
\classnum@=\count102
\DOTSCASE@=\count103
LaTeX Info: Redefining \ldots on input line 378.
LaTeX Info: Redefining \dots on input line 381.
LaTeX Info: Redefining \cdots on input line 466.
\Mathstrutbox@=\box28
\strutbox@=\box29
\big@size=\dimen119
LaTeX Font Info:    Redeclaring font encoding OML on input line 566.
LaTeX Font Info:    Redeclaring font encoding OMS on input line 567.
\macc@depth=\count104
\c@MaxMatrixCols=\count105
\dotsspace@=\muskip10
\c@parentequation=\count106
\dspbrk@lvl=\count107
\tag@help=\toks22
\row@=\count108
\column@=\count109
\maxfields@=\count110
\andhelp@=\toks23
\eqnshift@=\dimen120
\alignsep@=\dimen121
\tagshift@=\dimen122
\tagwidth@=\dimen123
\totwidth@=\dimen124
\lineht@=\dimen125
\@envbody=\toks24
\multlinegap=\skip59
\multlinetaggap=\skip60
\mathdisplay@stack=\toks25
LaTeX Info: Redefining \[ on input line 2665.
LaTeX Info: Redefining \] on input line 2666.
)
(/usr/share/texmf-dist/tex/latex/amsfonts/amssymb.sty
Package: amssymb 2013/01/14 v3.01 AMS font symbols

(/usr/share/texmf-dist/tex/latex/amsfonts/amsfonts.sty
Package: amsfonts 2013/01/14 v3.01 Basic AMSFonts support
\symAMSa=\mathgroup4
\symAMSb=\mathgroup5
LaTeX Font Info:    Overwriting math alphabet `\mathfrak' in version `bold'
(Font)                  U/euf/m/n --> U/euf/b/n on input line 106.
))
(/usr/share/texmf-dist/tex/latex/tools/bm.sty
Package: bm 2014/10/28 v1.1c Bold Symbol Support (DPC/FMi)
\symboldoperators=\mathgroup6
\symboldletters=\mathgroup7
\symboldsymbols=\mathgroup8
LaTeX Font Info:    Redeclaring math alphabet \mathbf on input line 141.
LaTeX Info: Redefining \bm on input line 207.
)
(/usr/share/texmf-dist/tex/latex/url/url.sty
\Urlmuskip=\muskip11
Package: url 2013/09/16  ver 3.4  Verb mode for urls, etc.
)
Package csquotes Info: Checking for multilingual support...
Package csquotes Info: ... none found.
 (./main.aux)
\openout1 = `main.aux'.

LaTeX Font Info:    Checking defaults for OML/cmm/m/it on input line 80.
LaTeX Font Info:    ... okay on input line 80.
LaTeX Font Info:    Checking defaults for T1/cmr/m/n on input line 80.
LaTeX Font Info:    ... okay on input line 80.
LaTeX Font Info:    Checking defaults for OT1/cmr/m/n on input line 80.
LaTeX Font Info:    ... okay on input line 80.
LaTeX Font Info:    Checking defaults for OMS/cmsy/m/n on input line 80.
LaTeX Font Info:    ... okay on input line 80.
LaTeX Font Info:    Checking defaults for OMX/cmex/m/n on input line 80.
LaTeX Font Info:    ... okay on input line 80.
LaTeX Font Info:    Checking defaults for U/cmr/m/n on input line 80.
LaTeX Font Info:    ... okay on input line 80.
LaTeX Font Info:    Checking defaults for TS1/cmr/m/n on input line 80.
LaTeX Font Info:    Try loading font information for TS1+cmr on input line 80.

(/usr/share/texmf-dist/tex/latex/base/ts1cmr.fd
File: ts1cmr.fd 2014/09/29 v2.5h Standard LaTeX font definitions
)
LaTeX Font Info:    ... okay on input line 80.
LaTeX Font Info:    Try loading font information for OT1+LinuxLibertineT-TLF on
 input line 80.

(/usr/share/texmf-dist/tex/latex/libertine/OT1LinuxLibertineT-TLF.fd
File: OT1LinuxLibertineT-TLF.fd 2012/11/26 (autoinst) Font definitions for OT1/
LinuxLibertineT-TLF.
)
LaTeX Font Info:    Font shape `OT1/LinuxLibertineT-TLF/m/n' will be
(Font)              scaled to size 12.0pt on input line 80.

*geometry* driver: auto-detecting
*geometry* detected driver: pdftex
*geometry* verbose mode - [ preamble ] result:
* driver: pdftex
* paper: <default>
* layout: <same size as paper>
* layoutoffset:(h,v)=(0.0pt,0.0pt)
* modes: 
* h-part:(L,W,R)=(158.99377pt, 296.30745pt, 158.99377pt)
* v-part:(T,H,B)=(158.99377pt, 505.89pt, 130.08621pt)
* \paperwidth=614.295pt
* \paperheight=794.96999pt
* \textwidth=296.30745pt
* \textheight=505.89pt
* \oddsidemargin=86.72379pt
* \evensidemargin=86.72379pt
* \topmargin=49.72379pt
* \headheight=12.0pt
* \headsep=25.0pt
* \topskip=12.0pt
* \footskip=30.0pt
* \marginparwidth=44.0pt
* \marginparsep=10.0pt
* \columnsep=10.0pt
* \skip\footins=10.8pt plus 4.0pt minus 2.0pt
* \hoffset=0.0pt
* \voffset=0.0pt
* \mag=1000
* \@twocolumnfalse
* \@twosidefalse
* \@mparswitchfalse
* \@reversemarginfalse
* (1in=72.27pt=25.4mm, 1cm=28.453pt)

\c@mv@tabular=\count111
\c@mv@boldtabular=\count112
Package lastpage Info: Please have a look at the pageslts package at
(lastpage)             https://www.ctan.org/pkg/pageslts
(lastpage)             ! on input line 80.
LaTeX Font Info:    Font shape `OT1/LinuxLibertineT-TLF/m/n' will be
(Font)              scaled to size 20.74pt on input line 82.

Overfull \hbox (2.93738pt too wide) in paragraph at lines 82--82
[]\OT1/LinuxLibertineT-TLF/m/n/20.74 Post-processing mul-ti-model en-sem-
 []


Overfull \hbox (2.79257pt too wide) in paragraph at lines 82--82
\OT1/LinuxLibertineT-TLF/m/n/20.74 bles: A mul-ti-level fac-tor anal-y-sis ap-
 []

LaTeX Font Info:    Font shape `OT1/LinuxLibertineT-TLF/m/n' will be
(Font)              scaled to size 14.4pt on input line 82.
LaTeX Font Info:    Font shape `OT1/LinuxLibertineT-TLF/b/n' will be
(Font)              scaled to size 14.4pt on input line 85.
(./main.toc
LaTeX Font Info:    Font shape `OT1/LinuxLibertineT-TLF/b/n' will be
(Font)              scaled to size 12.0pt on input line 1.
LaTeX Font Info:    Try loading font information for U+msa on input line 2.
 (/usr/share/texmf-dist/tex/latex/amsfonts/umsa.fd
File: umsa.fd 2013/01/14 v3.01 AMS symbols A
)
LaTeX Font Info:    Try loading font information for U+msb on input line 2.

(/usr/share/texmf-dist/tex/latex/amsfonts/umsb.fd
File: umsb.fd 2013/01/14 v3.01 AMS symbols B
)
Overfull \hbox (11.97116pt too wide) in paragraph at lines 9--9
 [] []\OT1/LinuxLibertineT-TLF/b/n/12 Model se-lec-tion: Is there more than one
 pre-dictable 
 []

[1

{/var/lib/texmf/fonts/map/pdftex/updmap/pdftex.map}])
\tf@toc=\write3
\openout3 = `main.toc'.

LaTeX Font Info:    Try loading font information for OT1+LinuxLibertineMonoT-TL
F on input line 103.

(/usr/share/texmf-dist/tex/latex/libertine/OT1LinuxLibertineMonoT-TLF.fd
File: OT1LinuxLibertineMonoT-TLF.fd 2012/12/06 (autoinst) Font definitions for 
OT1/LinuxLibertineMonoT-TLF.
)
LaTeX Font Info:    Font shape `OT1/LinuxLibertineMonoT-TLF/m/n' will be
(Font)              scaled to size 12.0pt on input line 103.
LaTeX Font Info:    Font shape `OT1/LinuxLibertineMonoT-TLF/m/n' will be
(Font)              scaled to size 8.0pt on input line 103.
LaTeX Font Info:    Font shape `OT1/LinuxLibertineMonoT-TLF/m/n' will be
(Font)              scaled to size 6.0pt on input line 103.

Overfull \hbox (26.36145pt too wide) in paragraph at lines 103--104
[]\OT1/LinuxLibertineT-TLF/m/n/12 multilevel fac-tor anal-y-sis $\OT1/LinuxLibe
rtineMonoT-TLF/m/n/12 http : / / dx . doi . org / 10 . 1207 /
 []


Overfull \hbox (10.89226pt too wide) in paragraph at lines 107--108
\OT1/LinuxLibertineMonoT-TLF/m/n/12 science . sciencemag . org / content / 285 
/ 5433 /
 []

LaTeX Font Info:    Font shape `OT1/LinuxLibertineT-TLF/m/sc' will be
(Font)              scaled to size 12.0pt on input line 108.
LaTeX Font Info:    Font shape `OT1/LinuxLibertineT-TLF/m/sc' will be
(Font)              scaled to size 10.95pt on input line 108.
[2]
Overfull \hbox (19.97267pt too wide) in paragraph at lines 109--110
\OT1/LinuxLibertineMonoT-TLF/m/n/12 jeb . sagepub . com / content / 30 / 2 / 10
9 . short$ \OT1/LinuxLibertineT-TLF/m/n/12 ``The
 []


LaTeX Warning: Citation `kharin' on page 3 undefined on input line 130.


LaTeX Warning: Citation `kumar' on page 3 undefined on input line 130.


LaTeX Warning: Citation `siegert' on page 3 undefined on input line 130.


Overfull \hbox (11.39151pt too wide) in paragraph at lines 133--135
\OT1/LinuxLibertineT-TLF/m/n/12 by com-bin-ing all en-sem-bles into a sin-gle s
uper-ensemble, whose
 []

[3]
Overfull \hbox (4.1034pt too wide) in paragraph at lines 165--170
\OT1/LinuxLibertineT-TLF/m/n/12 fine the data vec-tor $\OML/cmm/b/it/12 x[] \OT
1/cmr/m/n/12 = (\OML/cmm/m/it/12 x[]; x[]; [] ; x[]; [] x[]\OT1/cmr/m/n/12 )[]$

 []

LaTeX Font Info:    Font shape `OT1/LinuxLibertineT-TLF/m/n' will be
(Font)              scaled to size 8.0pt on input line 172.
LaTeX Font Info:    Font shape `OT1/LinuxLibertineT-TLF/m/n' will be
(Font)              scaled to size 6.0pt on input line 172.
[4]
Overfull \hbox (10.14703pt too wide) in paragraph at lines 197--202
\OT1/LinuxLibertineT-TLF/m/n/12 and co-vari-ances be-tween en-sem-ble mem-bers 
within each model
 []


Overfull \hbox (0.46875pt too wide) in paragraph at lines 197--202
\OT1/LinuxLibertineT-TLF/m/n/12 cally, equal-ity is achieved by the $\OT1/cmr/m
/n/12 (0\OML/cmm/m/it/12 ; \OT1/cmr/m/n/12 1)$\OT1/LinuxLibertineT-TLF/m/n/12 -
matrix $\OML/cmm/b/it/12 R \OMS/cmsy/m/n/12 2 f\OT1/cmr/m/n/12 0\OML/cmm/m/it/1
2 ; \OT1/cmr/m/n/12 1\OMS/cmsy/m/n/12 g[]$
 []

[5]
Overfull \hbox (16.84369pt too wide) in paragraph at lines 212--216
\OT1/LinuxLibertineT-TLF/m/n/12 and we can trans-form the re-duced mean vec-tor
 $\OML/cmm/b/it/12 ^^V[] \OT1/cmr/m/n/12 = (\OML/cmm/m/it/12 ^^V[]; ^^V[]; ^^V[
]\OT1/cmr/m/n/12 )[]$
 []


Overfull \hbox (1.17055pt too wide) in paragraph at lines 218--223
\OT1/LinuxLibertineT-TLF/m/n/12 The ma-trix $\OML/cmm/b/it/12 R$ \OT1/LinuxLibe
rtineT-TLF/m/n/12 trans-forms the pa-ram-e-ters from the model level,
 []

[6]
Overfull \hbox (10.95709pt too wide) in paragraph at lines 251--252
[]\OT1/LinuxLibertineT-TLF/m/n/12 (Compare num-ber of free pa-ram-e-ters be-twe
en $\OT1/cmr/bx/n/12 ^^F$ \OT1/LinuxLibertineT-TLF/m/n/12 and the ($\OML/cmm/b/
it/12 ^^[\OML/cmm/m/it/12 ; \OT1/cmr/bx/n/12 ^^C$\OT1/LinuxLibertineT-TLF/m/n/1
2 )-
 []

[7] [8]
Overfull \hbox (5.31302pt too wide) in paragraph at lines 293--293
 |[]\OT1/LinuxLibertineT-TLF/b/n/14.4 Model se-lec-tion: Is there more than one
 pre-
 []


Overfull \hbox (0.32747pt too wide) in paragraph at lines 301--306
\OT1/LinuxLibertineT-TLF/m/n/12 liefs about the un-der-ly-ing sys-tem. For ex-a
m-ple, the one-signal
 []


Overfull \hbox (0.80392pt too wide) in paragraph at lines 308--312
\OT1/LinuxLibertineT-TLF/m/n/12 pend on the model spec-i-fi-ca-tion? We might b
e-lieve a multiple-
 []


Overfull \hbox (10.55867pt too wide) in paragraph at lines 314--315
[]\OT1/LinuxLibertineT-TLF/m/n/12 leave-one-out log pre-dic-tive den-sity, sim-
pli-fi-ca-tion in sampling-
 []

[9] [10] [11]
Overfull \hbox (2.72116pt too wide) in paragraph at lines 430--432
[]\OT1/LinuxLibertineT-TLF/m/n/12 Using the Ma-trix De-ter-mi-nant Lemma, we ca
n sim-plify $[] \OMS/cmsy/m/n/12 j\OT1/cmr/bx/n/12 ^^F\OMS/cmsy/m/n/12 j$
 []

[12] 
AED: lastpage setting LastPage
[13] (./main.aux)

LaTeX Warning: There were undefined references.

 ) 
Here is how much of TeX's memory you used:
 5211 strings out of 493054
 77375 string characters out of 6140586
 146160 words of memory out of 5000000
 8648 multiletter control sequences out of 15000+600000
 24632 words of font info for 59 fonts, out of 8000000 for 9000
 1141 hyphenation exceptions out of 8191
 27i,18n,43p,793b,284s stack positions out of 5000i,500n,10000p,200000b,80000s
{/usr/share/texmf-dist/fonts/enc/dvips/libertine/lbtn_tltjc6.enc}{/usr/share/
texmf-dist/fonts/enc/dvips/libertine/lbtn_4jqvtd.enc}{/usr/share/texmf-dist/fon
ts/enc/dvips/libertine/lbtn_lu7m2n.enc}{/usr/share/texmf-dist/fonts/enc/dvips/l
ibertine/lbtn_c7kyj5.enc}</usr/share/texmf-dist/fonts/type1/public/libertine/Li
nLibertineMT.pfb></usr/share/texmf-dist/fonts/type1/public/libertine/LinLiberti
neT.pfb></usr/share/texmf-dist/fonts/type1/public/libertine/LinLibertineTB.pfb>
</usr/share/texmf-dist/fonts/type1/public/amsfonts/cm/cmbx12.pfb></usr/share/te
xmf-dist/fonts/type1/public/amsfonts/cm/cmex10.pfb></usr/share/texmf-dist/fonts
/type1/public/amsfonts/cm/cmmi12.pfb></usr/share/texmf-dist/fonts/type1/public/
amsfonts/cm/cmmi6.pfb></usr/share/texmf-dist/fonts/type1/public/amsfonts/cm/cmm
i8.pfb></usr/share/texmf-dist/fonts/type1/public/amsfonts/cm/cmmib10.pfb></usr/
share/texmf-dist/fonts/type1/public/amsfonts/cm/cmr12.pfb></usr/share/texmf-dis
t/fonts/type1/public/amsfonts/cm/cmr6.pfb></usr/share/texmf-dist/fonts/type1/pu
blic/amsfonts/cm/cmr8.pfb></usr/share/texmf-dist/fonts/type1/public/amsfonts/cm
/cmsy10.pfb></usr/share/texmf-dist/fonts/type1/public/amsfonts/cm/cmsy6.pfb></u
sr/share/texmf-dist/fonts/type1/public/amsfonts/cm/cmsy8.pfb></usr/share/texmf-
dist/fonts/type1/public/amsfonts/symbols/msbm10.pfb>
Output written on main.pdf (13 pages, 350274 bytes).
PDF statistics:
 117 PDF objects out of 1000 (max. 8388607)
 85 compressed objects within 1 object stream
 0 named destinations out of 1000 (max. 500000)
 1 words of extra memory for PDF output out of 10000 (max. 10000000)

